<?xml version="1.0" encoding="UTF-8"?>
<testsuite xmlns:xsi="http://www.w3.org/2001/XMLSchema-instance" xsi:noNamespaceSchemaLocation="https://maven.apache.org/surefire/maven-surefire-plugin/xsd/surefire-test-report-3.0.xsd" version="3.0" name="com.luciad.imageio.webp.WebPTest" time="0.558" tests="11" errors="0" skipped="0" failures="0">
  <properties>
[...]
</properties>
  <testcase name="testDecompressLossy" classname="com.luciad.imageio.webp.WebPTest" time="0.169"/>
  <testcase name="testDecompressLossyAlpha" classname="com.luciad.imageio.webp.WebPTest" time="0.003"/>
  <testcase name="testFindWriterByMimeType" classname="com.luciad.imageio.webp.WebPTest" time="0.002"/>
  <testcase name="testFindReaderByMimeType" classname="com.luciad.imageio.webp.WebPTest" time="0.001"/>
  <testcase name="testFindWriterByFormatName" classname="com.luciad.imageio.webp.WebPTest" time="0"/>
  <testcase name="testDecompressLossless" classname="com.luciad.imageio.webp.WebPTest" time="0.006"/>
  <testcase name="testCompress" classname="com.luciad.imageio.webp.WebPTest" time="0.075"/>
  <testcase name="testRoundtrip" classname="com.luciad.imageio.webp.WebPTest" time="0.094"/>
  <testcase name="testFindReaderByFormatName" classname="com.luciad.imageio.webp.WebPTest" time="0.001"/>
  <testcase name="testFindReaderBySuffix" classname="com.luciad.imageio.webp.WebPTest" time="0.001"/>
  <testcase name="testFindWriterBySuffix" classname="com.luciad.imageio.webp.WebPTest" time="0"/>
</testsuite>